<?xml version="1.0" encoding="UTF-8"?><testsuite errors="1" failures="0" name="Yo como usuario quiero realizar la descarga de politica de tratamiento de datos personales" skipped="0" tests="1" time="0.79" timestamp="2021-04-12 09:05:06"><testcase name="Busqueda hotel economico exitoso"><error message="Could not instantiate class org.openqa.selenium.chrome.ChromeDriver" type="net.thucydides.core.webdriver.DriverConfigurationError">Could not instantiate class org.openqa.selenium.chrome.ChromeDriver</error><system-err>Could not instantiate class org.openqa.selenium.chrome.ChromeDriver&#13;
co.com.prueba.retobanitsmo.stepdefinitions.Hook.queElUsuarioIngresaEnLaAplicacion(Hook.java:24)&#13;
cucumber.runner.Runner.runPickle(Runner.java:80)&#13;
</system-err></testcase></testsuite>